2022-03-02 16:03:59,120 INFO [restartedMain] c.n.c.CommunityApplication [StartupInfoLogger.java:50] Starting CommunityApplication on LAPTOP-V5C30F86 with PID 3076 (D:\WorkSpace\community\target\classes started by SCIENTIST- in D:\WorkSpace\community)
2022-03-02 16:03:59,127 INFO [restartedMain] c.n.c.CommunityApplication [SpringApplication.java:675] No active profile set, falling back to default profiles: default
2022-03-02 16:03:59,157 INFO [restartedMain] o.s.b.d.e.DevToolsPropertyDefaultsPostProcessor [DeferredLog.java:227] Devtools property defaults active! Set 'spring.devtools.add-properties' to 'false' to disable
2022-03-02 16:03:59,158 INFO [restartedMain] o.s.b.d.e.DevToolsPropertyDefaultsPostProcessor [DeferredLog.java:227] For additional web related logging consider setting the 'logging.level.web' property to 'DEBUG'
2022-03-02 16:04:00,230 INFO [restartedMain] o.s.b.w.e.t.TomcatWebServer [TomcatWebServer.java:90] Tomcat initialized with port(s): 8080 (http)
2022-03-02 16:04:00,241 INFO [restartedMain] o.a.c.h.Http11NioProtocol [DirectJDKLog.java:173] Initializing ProtocolHandler ["http-nio-8080"]
2022-03-02 16:04:00,248 INFO [restartedMain] o.a.c.c.StandardService [DirectJDKLog.java:173] Starting service [Tomcat]
2022-03-02 16:04:00,249 INFO [restartedMain] o.a.c.c.StandardEngine [DirectJDKLog.java:173] Starting Servlet engine: [Apache Tomcat/9.0.19]
2022-03-02 16:04:00,254 INFO [restartedMain] o.a.c.c.AprLifecycleListener [DirectJDKLog.java:173] Loaded APR based Apache Tomcat Native library [1.2.23] using APR version [1.7.0].
2022-03-02 16:04:00,254 INFO [restartedMain] o.a.c.c.AprLifecycleListener [DirectJDKLog.java:173] APR capabilities: IPv6 [true], sendfile [true], accept filters [false], random [true].
2022-03-02 16:04:00,255 INFO [restartedMain] o.a.c.c.AprLifecycleListener [DirectJDKLog.java:173] APR/OpenSSL configuration: useAprConnector [false], useOpenSSL [true]
2022-03-02 16:04:00,259 INFO [restartedMain] o.a.c.c.AprLifecycleListener [DirectJDKLog.java:173] OpenSSL successfully initialized [OpenSSL 1.1.1c  28 May 2019]
2022-03-02 16:04:00,329 INFO [restartedMain] o.a.c.c.C.[.[.[/community] [DirectJDKLog.java:173] Initializing Spring embedded WebApplicationContext
2022-03-02 16:04:00,329 INFO [restartedMain] o.s.w.c.ContextLoader [ServletWebServerApplicationContext.java:296] Root WebApplicationContext: initialization completed in 1171 ms
2022-03-02 16:04:00,785 INFO [restartedMain] o.s.s.c.ThreadPoolTaskExecutor [ExecutorConfigurationSupport.java:171] Initializing ExecutorService 'applicationTaskExecutor'
2022-03-02 16:04:00,873 INFO [restartedMain] o.s.b.a.w.s.WelcomePageHandlerMapping [WelcomePageHandlerMapping.java:61] Adding welcome page template: index
2022-03-02 16:04:00,950 INFO [restartedMain] o.s.b.d.a.OptionalLiveReloadServer [OptionalLiveReloadServer.java:57] LiveReload server is running on port 35729
2022-03-02 16:04:00,970 INFO [restartedMain] o.a.c.h.Http11NioProtocol [DirectJDKLog.java:173] Starting ProtocolHandler ["http-nio-8080"]
2022-03-02 16:04:00,987 INFO [restartedMain] o.s.b.w.e.t.TomcatWebServer [TomcatWebServer.java:204] Tomcat started on port(s): 8080 (http) with context path '/community'
2022-03-02 16:04:00,990 INFO [restartedMain] c.n.c.CommunityApplication [StartupInfoLogger.java:59] Started CommunityApplication in 2.299 seconds (JVM running for 4.462)
2022-03-02 16:04:39,580 INFO [http-nio-8080-exec-1] o.a.c.c.C.[.[.[/community] [DirectJDKLog.java:173] Initializing Spring DispatcherServlet 'dispatcherServlet'
2022-03-02 16:04:39,580 INFO [http-nio-8080-exec-1] o.s.w.s.DispatcherServlet [FrameworkServlet.java:524] Initializing Servlet 'dispatcherServlet'
2022-03-02 16:04:39,587 INFO [http-nio-8080-exec-1] o.s.w.s.DispatcherServlet [FrameworkServlet.java:546] Completed initialization in 6 ms
2022-03-02 16:04:39,643 INFO [http-nio-8080-exec-1] c.z.h.HikariDataSource [HikariDataSource.java:110] HikariPool-1 - Starting...
2022-03-02 16:04:39,760 INFO [http-nio-8080-exec-1] c.z.h.HikariDataSource [HikariDataSource.java:123] HikariPool-1 - Start completed.
2022-03-02 19:39:32,382 INFO [restartedMain] c.n.c.CommunityApplication [StartupInfoLogger.java:50] Starting CommunityApplication on LAPTOP-V5C30F86 with PID 1728 (D:\WorkSpace\community\target\classes started by SCIENTIST- in D:\WorkSpace\community)
2022-03-02 19:39:32,393 INFO [restartedMain] c.n.c.CommunityApplication [SpringApplication.java:675] No active profile set, falling back to default profiles: default
2022-03-02 19:39:32,438 INFO [restartedMain] o.s.b.d.e.DevToolsPropertyDefaultsPostProcessor [DeferredLog.java:227] Devtools property defaults active! Set 'spring.devtools.add-properties' to 'false' to disable
2022-03-02 19:39:32,438 INFO [restartedMain] o.s.b.d.e.DevToolsPropertyDefaultsPostProcessor [DeferredLog.java:227] For additional web related logging consider setting the 'logging.level.web' property to 'DEBUG'
2022-03-02 19:39:33,504 INFO [restartedMain] o.s.b.w.e.t.TomcatWebServer [TomcatWebServer.java:90] Tomcat initialized with port(s): 8080 (http)
2022-03-02 19:39:33,515 INFO [restartedMain] o.a.c.h.Http11NioProtocol [DirectJDKLog.java:173] Initializing ProtocolHandler ["http-nio-8080"]
2022-03-02 19:39:33,521 INFO [restartedMain] o.a.c.c.StandardService [DirectJDKLog.java:173] Starting service [Tomcat]
2022-03-02 19:39:33,522 INFO [restartedMain] o.a.c.c.StandardEngine [DirectJDKLog.java:173] Starting Servlet engine: [Apache Tomcat/9.0.19]
2022-03-02 19:39:33,527 INFO [restartedMain] o.a.c.c.AprLifecycleListener [DirectJDKLog.java:173] Loaded APR based Apache Tomcat Native library [1.2.23] using APR version [1.7.0].
2022-03-02 19:39:33,527 INFO [restartedMain] o.a.c.c.AprLifecycleListener [DirectJDKLog.java:173] APR capabilities: IPv6 [true], sendfile [true], accept filters [false], random [true].
2022-03-02 19:39:33,527 INFO [restartedMain] o.a.c.c.AprLifecycleListener [DirectJDKLog.java:173] APR/OpenSSL configuration: useAprConnector [false], useOpenSSL [true]
2022-03-02 19:39:33,542 INFO [restartedMain] o.a.c.c.AprLifecycleListener [DirectJDKLog.java:173] OpenSSL successfully initialized [OpenSSL 1.1.1c  28 May 2019]
2022-03-02 19:39:33,608 INFO [restartedMain] o.a.c.c.C.[.[.[/community] [DirectJDKLog.java:173] Initializing Spring embedded WebApplicationContext
2022-03-02 19:39:33,609 INFO [restartedMain] o.s.w.c.ContextLoader [ServletWebServerApplicationContext.java:296] Root WebApplicationContext: initialization completed in 1170 ms
2022-03-02 19:39:34,074 INFO [restartedMain] o.s.s.c.ThreadPoolTaskExecutor [ExecutorConfigurationSupport.java:171] Initializing ExecutorService 'applicationTaskExecutor'
2022-03-02 19:39:34,142 INFO [restartedMain] o.s.b.a.w.s.WelcomePageHandlerMapping [WelcomePageHandlerMapping.java:61] Adding welcome page template: index
2022-03-02 19:39:34,220 INFO [restartedMain] o.s.b.d.a.OptionalLiveReloadServer [OptionalLiveReloadServer.java:57] LiveReload server is running on port 35729
2022-03-02 19:39:34,240 INFO [restartedMain] o.a.c.h.Http11NioProtocol [DirectJDKLog.java:173] Starting ProtocolHandler ["http-nio-8080"]
2022-03-02 19:39:34,257 INFO [restartedMain] o.s.b.w.e.t.TomcatWebServer [TomcatWebServer.java:204] Tomcat started on port(s): 8080 (http) with context path '/community'
2022-03-02 19:39:34,259 INFO [restartedMain] c.n.c.CommunityApplication [StartupInfoLogger.java:59] Started CommunityApplication in 2.362 seconds (JVM running for 4.449)
2022-03-02 19:40:51,929 INFO [http-nio-8080-exec-1] o.a.c.c.C.[.[.[/community] [DirectJDKLog.java:173] Initializing Spring DispatcherServlet 'dispatcherServlet'
2022-03-02 19:40:51,929 INFO [http-nio-8080-exec-1] o.s.w.s.DispatcherServlet [FrameworkServlet.java:524] Initializing Servlet 'dispatcherServlet'
2022-03-02 19:40:51,934 INFO [http-nio-8080-exec-1] o.s.w.s.DispatcherServlet [FrameworkServlet.java:546] Completed initialization in 4 ms
2022-03-02 19:40:51,994 INFO [http-nio-8080-exec-1] c.z.h.HikariDataSource [HikariDataSource.java:110] HikariPool-1 - Starting...
2022-03-02 19:40:52,584 INFO [http-nio-8080-exec-1] c.z.h.HikariDataSource [HikariDataSource.java:123] HikariPool-1 - Start completed.
2022-03-02 19:46:47,313 INFO [restartedMain] c.n.c.CommunityApplication [StartupInfoLogger.java:50] Starting CommunityApplication on LAPTOP-V5C30F86 with PID 15468 (D:\WorkSpace\community\target\classes started by SCIENTIST- in D:\WorkSpace\community)
2022-03-02 19:46:47,317 INFO [restartedMain] c.n.c.CommunityApplication [SpringApplication.java:675] No active profile set, falling back to default profiles: default
2022-03-02 19:46:47,353 INFO [restartedMain] o.s.b.d.e.DevToolsPropertyDefaultsPostProcessor [DeferredLog.java:227] Devtools property defaults active! Set 'spring.devtools.add-properties' to 'false' to disable
2022-03-02 19:46:47,353 INFO [restartedMain] o.s.b.d.e.DevToolsPropertyDefaultsPostProcessor [DeferredLog.java:227] For additional web related logging consider setting the 'logging.level.web' property to 'DEBUG'
2022-03-02 19:46:48,376 INFO [restartedMain] o.s.b.w.e.t.TomcatWebServer [TomcatWebServer.java:90] Tomcat initialized with port(s): 8080 (http)
2022-03-02 19:46:48,385 INFO [restartedMain] o.a.c.h.Http11NioProtocol [DirectJDKLog.java:173] Initializing ProtocolHandler ["http-nio-8080"]
2022-03-02 19:46:48,391 INFO [restartedMain] o.a.c.c.StandardService [DirectJDKLog.java:173] Starting service [Tomcat]
2022-03-02 19:46:48,391 INFO [restartedMain] o.a.c.c.StandardEngine [DirectJDKLog.java:173] Starting Servlet engine: [Apache Tomcat/9.0.19]
2022-03-02 19:46:48,396 INFO [restartedMain] o.a.c.c.AprLifecycleListener [DirectJDKLog.java:173] Loaded APR based Apache Tomcat Native library [1.2.23] using APR version [1.7.0].
2022-03-02 19:46:48,396 INFO [restartedMain] o.a.c.c.AprLifecycleListener [DirectJDKLog.java:173] APR capabilities: IPv6 [true], sendfile [true], accept filters [false], random [true].
2022-03-02 19:46:48,396 INFO [restartedMain] o.a.c.c.AprLifecycleListener [DirectJDKLog.java:173] APR/OpenSSL configuration: useAprConnector [false], useOpenSSL [true]
2022-03-02 19:46:48,399 INFO [restartedMain] o.a.c.c.AprLifecycleListener [DirectJDKLog.java:173] OpenSSL successfully initialized [OpenSSL 1.1.1c  28 May 2019]
2022-03-02 19:46:48,462 INFO [restartedMain] o.a.c.c.C.[.[.[/community] [DirectJDKLog.java:173] Initializing Spring embedded WebApplicationContext
2022-03-02 19:46:48,462 INFO [restartedMain] o.s.w.c.ContextLoader [ServletWebServerApplicationContext.java:296] Root WebApplicationContext: initialization completed in 1108 ms
2022-03-02 19:46:48,846 INFO [restartedMain] o.s.s.c.ThreadPoolTaskExecutor [ExecutorConfigurationSupport.java:171] Initializing ExecutorService 'applicationTaskExecutor'
2022-03-02 19:46:48,912 INFO [restartedMain] o.s.b.a.w.s.WelcomePageHandlerMapping [WelcomePageHandlerMapping.java:61] Adding welcome page template: index
2022-03-02 19:46:48,984 INFO [restartedMain] o.s.b.d.a.OptionalLiveReloadServer [OptionalLiveReloadServer.java:57] LiveReload server is running on port 35729
2022-03-02 19:46:49,004 INFO [restartedMain] o.a.c.h.Http11NioProtocol [DirectJDKLog.java:173] Starting ProtocolHandler ["http-nio-8080"]
2022-03-02 19:46:49,020 INFO [restartedMain] o.s.b.w.e.t.TomcatWebServer [TomcatWebServer.java:204] Tomcat started on port(s): 8080 (http) with context path '/community'
2022-03-02 19:46:49,022 INFO [restartedMain] c.n.c.CommunityApplication [StartupInfoLogger.java:59] Started CommunityApplication in 2.073 seconds (JVM running for 4.099)
2022-03-02 19:46:53,249 INFO [http-nio-8080-exec-4] o.a.c.c.C.[.[.[/community] [DirectJDKLog.java:173] Initializing Spring DispatcherServlet 'dispatcherServlet'
2022-03-02 19:46:53,249 INFO [http-nio-8080-exec-4] o.s.w.s.DispatcherServlet [FrameworkServlet.java:524] Initializing Servlet 'dispatcherServlet'
2022-03-02 19:46:53,259 INFO [http-nio-8080-exec-4] o.s.w.s.DispatcherServlet [FrameworkServlet.java:546] Completed initialization in 10 ms
2022-03-02 19:46:55,901 INFO [http-nio-8080-exec-9] c.z.h.HikariDataSource [HikariDataSource.java:110] HikariPool-1 - Starting...
2022-03-02 19:46:55,998 INFO [http-nio-8080-exec-9] c.z.h.HikariDataSource [HikariDataSource.java:123] HikariPool-1 - Start completed.
